<?xml version="1.0" encoding="UTF-8"?>
<!-- Generated by org.testng.reporters.JUnitXMLReporter -->
<testsuite hostname="SACHINN" ignored="0" name="Test" tests="3" failures="0" timestamp="16 Jan 2019 09:37:20 GMT" time="42.75" errors="0">
  <testcase name="qaclickLogin" time="7.378" classname="SeleniumAuto.QAClickLoginPage"/>
  <testcase name="qaclickLogin" time="7.238" classname="SeleniumAuto.QAClickLoginPage"/>
  <testcase name="basePageNavigation" time="5.558" classname="SeleniumAuto.QAClickHomePage"/>
</testsuite> <!-- Test -->
