<?xml version="1.0" encoding="UTF-8"?>
<!-- Generated by org.testng.reporters.JUnitXMLReporter -->
<testsuite hostname="SACHINN" ignored="0" name="To verify QAClick Login with user roles" tests="2" failures="0" timestamp="05 Feb 2019 14:09:48 GMT" time="53.417" errors="0">
  <testcase name="qaclickLogin" time="25.611" classname="SeleniumAuto.QAClickLoginPage"/>
  <testcase name="qaclickLogin" time="23.734" classname="SeleniumAuto.QAClickLoginPage"/>
</testsuite> <!-- To verify QAClick Login with user roles -->
