<?xml version="1.0" encoding="UTF-8"?>
<testng-results skipped="0" failed="0" ignored="0" total="1" passed="1">
  <reporter-output>
  </reporter-output>
  <suite name="Default suite" duration-ms="48014" started-at="2019-02-25T07:09:39Z" finished-at="2019-02-25T07:10:27Z">
    <groups>
      <group name="cucumber">
        <method signature="AbstractTestNGCucumberTests.feature(cucumber.api.testng.CucumberFeatureWrapper)[pri:0, instance:cucumberOptions.TestRunner@148080bb]" name="feature" class="cucumber.api.testng.AbstractTestNGCucumberTests"/>
      </group> <!-- cucumber -->
    </groups>
    <test name="Default test" duration-ms="48014" started-at="2019-02-25T07:09:39Z" finished-at="2019-02-25T07:10:27Z">
      <class name="cucumberOptions.TestRunner">
        <test-method status="PASS" signature="setUpClass()[pri:0, instance:cucumberOptions.TestRunner@148080bb]" name="setUpClass" is-config="true" duration-ms="304" started-at="2019-02-25T07:09:39Z" finished-at="2019-02-25T07:09:39Z">
          <reporter-output>
          </reporter-output>
        </test-method> <!-- setUpClass -->
        <test-method status="PASS" signature="feature(cucumber.api.testng.CucumberFeatureWrapper)[pri:0, instance:cucumberOptions.TestRunner@148080bb]" name="feature" duration-ms="47470" started-at="2019-02-25T07:09:39Z" description="Runs Cucumber Feature" data-provider="features" finished-at="2019-02-25T07:10:27Z">
          <params>
            <param index="0">
              <value>
                <![CDATA[DLR Certify Login Page]]>
              </value>
            </param>
          </params>
          <reporter-output>
          </reporter-output>
        </test-method> <!-- feature -->
        <test-method status="PASS" signature="tearDownClass()[pri:0, instance:cucumberOptions.TestRunner@148080bb]" name="tearDownClass" is-config="true" duration-ms="114" started-at="2019-02-25T07:10:27Z" finished-at="2019-02-25T07:10:27Z">
          <reporter-output>
          </reporter-output>
        </test-method> <!-- tearDownClass -->
      </class> <!-- cucumberOptions.TestRunner -->
    </test> <!-- Default test -->
  </suite> <!-- Default suite -->
</testng-results>
